  EmitCode.c
  scanner.c
E:\VisualStudio_source\Lexical_Analysis\Lexical_Analysis\EmitCode.c(35,19): warning C4267: '=': 'size_t'에서 'int'(으)로 변환하면서 데이터가 손실될 수 있습니다.
E:\VisualStudio_source\Lexical_Analysis\Lexical_Analysis\EmitCode.c(54,19): warning C4267: '=': 'size_t'에서 'int'(으)로 변환하면서 데이터가 손실될 수 있습니다.
  parser.c
E:\VisualStudio_source\Lexical_Analysis\Lexical_Analysis\SymTab.h(9,9): warning C4005: 'ID_LENGTH': 매크로 재정의
  SymTab.c
  (소스 파일 'parser.c'을(를) 컴파일하는 중)
      E:\VisualStudio_source\Lexical_Analysis\Lexical_Analysis\scanner.h(8,9):
      'ID_LENGTH'의 이전 정의를 참조하십시오.
  
E:\VisualStudio_source\Lexical_Analysis\Lexical_Analysis\parser.c(146,3): warning C4013: 'icg_error'이(가) 정의되지 않았습니다. extern은 int형을 반환하는 것으로 간주합니다.
E:\VisualStudio_source\Lexical_Analysis\Lexical_Analysis\parser.c(347,24): warning C4047: '=': 'int'의 간접 참조 수준이 'void *'과(와) 다릅니다.
E:\VisualStudio_source\Lexical_Analysis\Lexical_Analysis\parser.c(442,36): warning C4013: 'processFunction'이(가) 정의되지 않았습니다. extern은 int형을 반환하는 것으로 간주합니다.
E:\VisualStudio_source\Lexical_Analysis\Lexical_Analysis\parser.c(491,12): warning C4013: 'print'이(가) 정의되지 않았습니다. extern은 int형을 반환하는 것으로 간주합니다.
E:\VisualStudio_source\Lexical_Analysis\Lexical_Analysis\parser.c(523,10): warning C4013: 'typeSize'이(가) 정의되지 않았습니다. extern은 int형을 반환하는 것으로 간주합니다.
E:\VisualStudio_source\Lexical_Analysis\Lexical_Analysis\parser.c(502,21): warning C4101: 'initial' :참조되지 않은 지역 변수입니다.
E:\VisualStudio_source\Lexical_Analysis\Lexical_Analysis\parser.c(753,7): warning C4013: 'checkPredefined'이(가) 정의되지 않았습니다. extern은 int형을 반환하는 것으로 간주합니다.
E:\VisualStudio_source\Lexical_Analysis\Lexical_Analysis\parser.c(787,3): warning C4013: 'emit'이(가) 정의되지 않았습니다. extern은 int형을 반환하는 것으로 간주합니다.
E:\VisualStudio_source\Lexical_Analysis\Lexical_Analysis\parser.c(835,14): error C2065: 'LABEL_SIZE': 선언되지 않은 식별자입니다.
E:\VisualStudio_source\Lexical_Analysis\Lexical_Analysis\parser.c(835,14): error C2057: 상수 식이 필요합니다.
E:\VisualStudio_source\Lexical_Analysis\Lexical_Analysis\parser.c(835,14): error C2466: 상수 크기 0의 배열을 할당할 수 없습니다.
E:\VisualStudio_source\Lexical_Analysis\Lexical_Analysis\parser.c(835,8): error C2133: 'label': 알 수 없는 크기입니다.
E:\VisualStudio_source\Lexical_Analysis\Lexical_Analysis\parser.c(837,3): warning C4013: 'genLabel'이(가) 정의되지 않았습니다. extern은 int형을 반환하는 것으로 간주합니다.
E:\VisualStudio_source\Lexical_Analysis\Lexical_Analysis\parser.c(847,15): error C2065: 'LABEL_SIZE': 선언되지 않은 식별자입니다.
E:\VisualStudio_source\Lexical_Analysis\Lexical_Analysis\parser.c(847,15): error C2057: 상수 식이 필요합니다.
E:\VisualStudio_source\Lexical_Analysis\Lexical_Analysis\parser.c(847,15): error C2466: 상수 크기 0의 배열을 할당할 수 없습니다.
E:\VisualStudio_source\Lexical_Analysis\Lexical_Analysis\parser.c(847,8): error C2133: 'label1': 알 수 없는 크기입니다.
E:\VisualStudio_source\Lexical_Analysis\Lexical_Analysis\parser.c(847,35): error C2065: 'LABEL_SIZE': 선언되지 않은 식별자입니다.
E:\VisualStudio_source\Lexical_Analysis\Lexical_Analysis\parser.c(847,35): error C2057: 상수 식이 필요합니다.
E:\VisualStudio_source\Lexical_Analysis\Lexical_Analysis\parser.c(847,35): error C2466: 상수 크기 0의 배열을 할당할 수 없습니다.
E:\VisualStudio_source\Lexical_Analysis\Lexical_Analysis\parser.c(847,28): error C2133: 'label2': 알 수 없는 크기입니다.
E:\VisualStudio_source\Lexical_Analysis\Lexical_Analysis\parser.c(863,15): error C2065: 'LABEL_SIZE': 선언되지 않은 식별자입니다.
E:\VisualStudio_source\Lexical_Analysis\Lexical_Analysis\parser.c(863,15): error C2057: 상수 식이 필요합니다.
E:\VisualStudio_source\Lexical_Analysis\Lexical_Analysis\parser.c(863,15): error C2466: 상수 크기 0의 배열을 할당할 수 없습니다.
E:\VisualStudio_source\Lexical_Analysis\Lexical_Analysis\parser.c(863,8): error C2133: 'label1': 알 수 없는 크기입니다.
E:\VisualStudio_source\Lexical_Analysis\Lexical_Analysis\parser.c(863,35): error C2065: 'LABEL_SIZE': 선언되지 않은 식별자입니다.
E:\VisualStudio_source\Lexical_Analysis\Lexical_Analysis\parser.c(863,35): error C2057: 상수 식이 필요합니다.
E:\VisualStudio_source\Lexical_Analysis\Lexical_Analysis\parser.c(863,35): error C2466: 상수 크기 0의 배열을 할당할 수 없습니다.
E:\VisualStudio_source\Lexical_Analysis\Lexical_Analysis\parser.c(863,28): error C2133: 'label2': 알 수 없는 크기입니다.
E:\VisualStudio_source\Lexical_Analysis\Lexical_Analysis\SymTab.c(81,5): error C4996: 'strcpy': This function or variable may be unsafe. Consider using strcpy_s instead. To disable deprecation, use _CRT_SECURE_NO_WARNINGS. See online help for details.
  코드를 생성하고 있습니다...
