
 line       object           ucode  source program

   1    (38    1    1)                sym  1  1  1
   2    (38    1    2)                sym  1  2  1
   3    (37    2     )                bgn  2
   4    (20    0     )                ldc  0
   5    (24    1    1)                str  1  1
   6    (34          )     loop       nop
   7    (19    1    1)                lod  1  1
   8    (20    3     )                ldc  3
   9    (10          )                mod
  10    (20    0     )                ldc  0
  11    (17          )                eq
  12    (28   14     )                fjp  next
  13    (29   -3     )                call  lf
  14    (23          )     next       ldp
  15    (21    1    2)                lda  1  2
  16    (29   -1     )                call  read
  17    (19    1    2)                lod  1  2
  18    (20    0     )                ldc  0
  19    (17          )                eq
  20    (27   28     )                tjp  exit
  21    (23          )                ldp
  22    (19    1    2)                lod  1  2
  23    (29   -2     )                call  write
  24    (19    1    1)                lod  1  1
  25    ( 2          )                inc
  26    (24    1    1)                str  1  1
  27    (26    6     )                ujp  loop
  28    (34          )     exit       nop
  29    (36          )                end


   ****    Result    ****


 1 2 3
 4 5 6
 7 8 9
 1 2 3



             ##### Statistics #####


    ****  Static Instruction Counts  ****

inc    =  1       mod    =  1       eq     =  2       lod    =  4       
ldc    =  4       lda    =  1       ldp    =  2       str    =  2       
ujp    =  1       tjp    =  1       fjp    =  1       call   =  3       
nop    =  2       end    =  1       bgn    =  1       sym    =  2       


    ****  Dynamic instruction counts  ****

inc    =  12        mod    =  13        eq     =  26        lod    =  50        
ldc    =  40        lda    =  13        ldp    =  25        str    =  13        
ujp    =  12        tjp    =  13        fjp    =  13        call   =  30        
nop    =  14        end    =  1         bgn    =  1         

 Executable instruction count  =   260

 Total execution cycle         =   3942
